# JRE version: Java(TM) SE Runtime Environment (8.0_91-b15) (build 1.8.0_91-b15)
# Java VM: Java HotSpot(TM) Client VM (25.91-b15 mixed mode windows-x86 )
Heap:
 def new generation   total 7936K, used 7936K [0x03a00000, 0x04290000, 0x18f50000)
  eden space 7104K, 100% used [0x03a00000, 0x040f0000, 0x040f0000)
  from space 832K, 100% used [0x040f0000, 0x041c0000, 0x041c0000)
  to   space 832K, 100% used [0x041c0000, 0x04290000, 0x04290000)
 tenured generation   total 17980K, used 17979K [0x18f50000, 0x1a0df000, 0x43a00000)
   the space 17980K,  99% used [0x18f50000, 0x1a0deff8, 0x1a0df000, 0x1a0df000)
 Metaspace       used 3553K, capacity 3566K, committed 3648K, reserved 4480K
GC Heap History (10 events):
Event: 4.924 GC heap after
Heap after GC invocations=19 (full 1):
 def new generation   total 7936K, used 832K [0x03a00000, 0x04290000, 0x18f50000)
  eden space 7104K,   0% used [0x03a00000, 0x03a00000, 0x040f0000)
  from space 832K, 100% used [0x041c0000, 0x04290000, 0x04290000)
  to   space 832K,   0% used [0x040f0000, 0x040f0000, 0x041c0000)
 tenured generation   total 17372K, used 12555K [0x18f50000, 0x1a047000, 0x43a00000)
   the space 17372K,  72% used [0x18f50000, 0x19b92cb0, 0x19b92e00, 0x1a047000)
 Metaspace       used 3467K, capacity 3502K, committed 3520K, reserved 4480K
}
Event: 5.463 GC heap before
{Heap before GC invocations=19 (full 1):
 def new generation   total 7936K, used 7936K [0x03a00000, 0x04290000, 0x18f50000)
  eden space 7104K, 100% used [0x03a00000, 0x040f0000, 0x040f0000)
  from space 832K, 100% used [0x041c0000, 0x04290000, 0x04290000)
  to   space 832K,   0% used [0x040f0000, 0x040f0000, 0x041c0000)
 tenured generation   total 17372K, used 12555K [0x18f50000, 0x1a047000, 0x43a00000)
   the space 17372K,  72% used [0x18f50000, 0x19b92cb0, 0x19b92e00, 0x1a047000)
 Metaspace       used 3467K, capacity 3502K, committed 3520K, reserved 4480K
Event: 5.474 GC heap after
Heap after GC invocations=20 (full 1):
 def new generation   total 7936K, used 831K [0x03a00000, 0x04290000, 0x18f50000)
  eden space 7104K,   0% used [0x03a00000, 0x03a00000, 0x040f0000)
  from space 832K,  99% used [0x040f0000, 0x041bfff8, 0x041c0000)
  to   space 832K,   0% used [0x041c0000, 0x041c0000, 0x04290000)
 tenured generation   total 17372K, used 13777K [0x18f50000, 0x1a047000, 0x43a00000)
   the space 17372K,  79% used [0x18f50000, 0x19cc46a0, 0x19cc4800, 0x1a047000)
 Metaspace       used 3467K, capacity 3502K, committed 3520K, reserved 4480K
}
Event: 5.564 GC heap before
{Heap before GC invocations=20 (full 1):
 def new generation   total 7936K, used 7935K [0x03a00000, 0x04290000, 0x18f50000)
  eden space 7104K, 100% used [0x03a00000, 0x040f0000, 0x040f0000)
  from space 832K,  99% used [0x040f0000, 0x041bfff8, 0x041c0000)
  to   space 832K,   0% used [0x041c0000, 0x041c0000, 0x04290000)
 tenured generation   total 17372K, used 13777K [0x18f50000, 0x1a047000, 0x43a00000)
   the space 17372K,  79% used [0x18f50000, 0x19cc46a0, 0x19cc4800, 0x1a047000)
 Metaspace       used 3467K, capacity 3502K, committed 3520K, reserved 4480K
Event: 5.574 GC heap after
Heap after GC invocations=21 (full 1):
 def new generation   total 7936K, used 832K [0x03a00000, 0x04290000, 0x18f50000)
  eden space 7104K,   0% used [0x03a00000, 0x03a00000, 0x040f0000)
  from space 832K, 100% used [0x041c0000, 0x04290000, 0x04290000)
  to   space 832K,   0% used [0x040f0000, 0x040f0000, 0x041c0000)
 tenured generation   total 17372K, used 14544K [0x18f50000, 0x1a047000, 0x43a00000)
   the space 17372K,  83% used [0x18f50000, 0x19d84398, 0x19d84400, 0x1a047000)
 Metaspace       used 3467K, capacity 3502K, committed 3520K, reserved 4480K
}
Event: 5.799 GC heap before
{Heap before GC invocations=21 (full 1):
 def new generation   total 7936K, used 7936K [0x03a00000, 0x04290000, 0x18f50000)
  eden space 7104K, 100% used [0x03a00000, 0x040f0000, 0x040f0000)
  from space 832K, 100% used [0x041c0000, 0x04290000, 0x04290000)
  to   space 832K,   0% used [0x040f0000, 0x040f0000, 0x041c0000)
 tenured generation   total 17372K, used 14544K [0x18f50000, 0x1a047000, 0x43a00000)
   the space 17372K,  83% used [0x18f50000, 0x19d84398, 0x19d84400, 0x1a047000)
 Metaspace       used 3467K, capacity 3502K, committed 3520K, reserved 4480K
Event: 5.808 GC heap after
Heap after GC invocations=22 (full 1):
 def new generation   total 7936K, used 831K [0x03a00000, 0x04290000, 0x18f50000)
  eden space 7104K,   0% used [0x03a00000, 0x03a00000, 0x040f0000)
  from space 832K,  99% used [0x040f0000, 0x041bfff8, 0x041c0000)
  to   space 832K,   0% used [0x041c0000, 0x041c0000, 0x04290000)
 tenured generation   total 17372K, used 15602K [0x18f50000, 0x1a047000, 0x43a00000)
   the space 17372K,  89% used [0x18f50000, 0x19e8c940, 0x19e8ca00, 0x1a047000)
 Metaspace       used 3467K, capacity 3502K, committed 3520K, reserved 4480K
}
Event: 5.892 GC heap before
{Heap before GC invocations=22 (full 1):
 def new generation   total 7936K, used 7935K [0x03a00000, 0x04290000, 0x18f50000)
  eden space 7104K, 100% used [0x03a00000, 0x040f0000, 0x040f0000)
  from space 832K,  99% used [0x040f0000, 0x041bfff8, 0x041c0000)
  to   space 832K,   0% used [0x041c0000, 0x041c0000, 0x04290000)
 tenured generation   total 17372K, used 15602K [0x18f50000, 0x1a047000, 0x43a00000)
   the space 17372K,  89% used [0x18f50000, 0x19e8c940, 0x19e8ca00, 0x1a047000)
 Metaspace       used 3467K, capacity 3502K, committed 3520K, reserved 4480K
Event: 5.902 GC heap after
Heap after GC invocations=23 (full 1):
 def new generation   total 7936K, used 832K [0x03a00000, 0x04290000, 0x18f50000)
  eden space 7104K,   0% used [0x03a00000, 0x03a00000, 0x040f0000)
  from space 832K, 100% used [0x041c0000, 0x04290000, 0x04290000)
  to   space 832K,   0% used [0x040f0000, 0x040f0000, 0x041c0000)
 tenured generation   total 17372K, used 16665K [0x18f50000, 0x1a047000, 0x43a00000)
   the space 17372K,  95% used [0x18f50000, 0x19f964a0, 0x19f96600, 0x1a047000)
 Metaspace       used 3467K, capacity 3502K, committed 3520K, reserved 4480K
}
Event: 6.352 GC heap before
{Heap before GC invocations=23 (full 1):
 def new generation   total 7936K, used 7936K [0x03a00000, 0x04290000, 0x18f50000)
  eden space 7104K, 100% used [0x03a00000, 0x040f0000, 0x040f0000)
  from space 832K, 100% used [0x041c0000, 0x04290000, 0x04290000)
  to   space 832K,   0% used [0x040f0000, 0x040f0000, 0x041c0000)
 tenured generation   total 17372K, used 16665K [0x18f50000, 0x1a047000, 0x43a00000)
   the space 17372K,  95% used [0x18f50000, 0x19f964a0, 0x19f96600, 0x1a047000)
 Metaspace       used 3553K, capacity 3566K, committed 3648K, reserved 4480K

