# JRE version: Java(TM) SE Runtime Environment (8.0_91-b15) (build 1.8.0_91-b15)
# Java VM: Java HotSpot(TM) Client VM (25.91-b15 mixed mode windows-x86 )
Heap:
 def new generation   total 64320K, used 57216K [0x03c00000, 0x081c0000, 0x19150000)
  eden space 57216K, 100% used [0x03c00000, 0x073e0000, 0x073e0000)
  from space 7104K,   0% used [0x073e0000, 0x073e0000, 0x07ad0000)
  to   space 7104K, 100% used [0x07ad0000, 0x081c0000, 0x081c0000)
 tenured generation   total 154340K, used 154339K [0x19150000, 0x22809000, 0x43c00000)
   the space 154340K,  99% used [0x19150000, 0x22808ff8, 0x22809000, 0x22809000)
 Metaspace       used 3456K, capacity 3494K, committed 3520K, reserved 4480K
GC Heap History (10 events):
Event: 7.302 GC heap after
Heap after GC invocations=34 (full 4):
 def new generation   total 47744K, used 0K [0x03c00000, 0x06fc0000, 0x19150000)
  eden space 42496K,   0% used [0x03c00000, 0x03c00000, 0x06580000)
  from space 5248K,   0% used [0x06580000, 0x06580000, 0x06aa0000)
  to   space 5248K,   0% used [0x06aa0000, 0x06aa0000, 0x06fc0000)
 tenured generation   total 105908K, used 63544K [0x19150000, 0x1f8bd000, 0x43c00000)
   the space 105908K,  59% used [0x19150000, 0x1cf5e0e8, 0x1cf5e200, 0x1f8bd000)
 Metaspace       used 3452K, capacity 3462K, committed 3520K, reserved 4480K
}
Event: 7.659 GC heap before
{Heap before GC invocations=34 (full 4):
 def new generation   total 47744K, used 42496K [0x03c00000, 0x06fc0000, 0x19150000)
  eden space 42496K, 100% used [0x03c00000, 0x06580000, 0x06580000)
  from space 5248K,   0% used [0x06580000, 0x06580000, 0x06aa0000)
  to   space 5248K,   0% used [0x06aa0000, 0x06aa0000, 0x06fc0000)
 tenured generation   total 105908K, used 63544K [0x19150000, 0x1f8bd000, 0x43c00000)
   the space 105908K,  59% used [0x19150000, 0x1cf5e0e8, 0x1cf5e200, 0x1f8bd000)
 Metaspace       used 3452K, capacity 3462K, committed 3520K, reserved 4480K
Event: 7.712 GC heap after
Heap after GC invocations=35 (full 4):
 def new generation   total 47744K, used 5248K [0x03c00000, 0x06fc0000, 0x19150000)
  eden space 42496K,   0% used [0x03c00000, 0x03c00000, 0x06580000)
  from space 5248K, 100% used [0x06aa0000, 0x06fc0000, 0x06fc0000)
  to   space 5248K,   0% used [0x06580000, 0x06580000, 0x06aa0000)
 tenured generation   total 105908K, used 77638K [0x19150000, 0x1f8bd000, 0x43c00000)
   the space 105908K,  73% used [0x19150000, 0x1dd21970, 0x1dd21a00, 0x1f8bd000)
 Metaspace       used 3452K, capacity 3462K, committed 3520K, reserved 4480K
}
Event: 8.328 GC heap before
{Heap before GC invocations=35 (full 4):
 def new generation   total 47744K, used 47742K [0x03c00000, 0x06fc0000, 0x19150000)
  eden space 42496K,  99% used [0x03c00000, 0x0657fbe8, 0x06580000)
  from space 5248K, 100% used [0x06aa0000, 0x06fc0000, 0x06fc0000)
  to   space 5248K,   0% used [0x06580000, 0x06580000, 0x06aa0000)
 tenured generation   total 105908K, used 77638K [0x19150000, 0x1f8bd000, 0x43c00000)
   the space 105908K,  73% used [0x19150000, 0x1dd21970, 0x1dd21a00, 0x1f8bd000)
 Metaspace       used 3456K, capacity 3494K, committed 3520K, reserved 4480K
Event: 8.396 GC heap after
Heap after GC invocations=36 (full 4):
 def new generation   total 47744K, used 5248K [0x03c00000, 0x06fc0000, 0x19150000)
  eden space 42496K,   0% used [0x03c00000, 0x03c00000, 0x06580000)
  from space 5248K, 100% used [0x06580000, 0x06aa0000, 0x06aa0000)
  to   space 5248K,   0% used [0x06aa0000, 0x06aa0000, 0x06fc0000)
 tenured generation   total 105908K, used 87859K [0x19150000, 0x1f8bd000, 0x43c00000)
   the space 105908K,  82% used [0x19150000, 0x1e71ce08, 0x1e71d000, 0x1f8bd000)
 Metaspace       used 3456K, capacity 3494K, committed 3520K, reserved 4480K
}
Event: 8.466 GC heap before
{Heap before GC invocations=36 (full 4):
 def new generation   total 47744K, used 47744K [0x03c00000, 0x06fc0000, 0x19150000)
  eden space 42496K, 100% used [0x03c00000, 0x06580000, 0x06580000)
  from space 5248K, 100% used [0x06580000, 0x06aa0000, 0x06aa0000)
  to   space 5248K,   0% used [0x06aa0000, 0x06aa0000, 0x06fc0000)
 tenured generation   total 105908K, used 87859K [0x19150000, 0x1f8bd000, 0x43c00000)
   the space 105908K,  82% used [0x19150000, 0x1e71ce08, 0x1e71d000, 0x1f8bd000)
 Metaspace       used 3456K, capacity 3494K, committed 3520K, reserved 4480K
Event: 8.902 GC heap after
Heap after GC invocations=37 (full 5):
 def new generation   total 53056K, used 5203K [0x03c00000, 0x07590000, 0x19150000)
  eden space 47168K,  11% used [0x03c00000, 0x04114e10, 0x06a10000)
  from space 5888K,   0% used [0x06a10000, 0x06a10000, 0x06fd0000)
  to   space 5888K,   0% used [0x06fd0000, 0x06fd0000, 0x07590000)
 tenured generation   total 117812K, used 117811K [0x19150000, 0x2045d000, 0x43c00000)
   the space 117812K,  99% used [0x19150000, 0x2045cfe8, 0x2045d000, 0x2045d000)
 Metaspace       used 3456K, capacity 3494K, committed 3520K, reserved 4480K
}
Event: 8.980 GC heap before
{Heap before GC invocations=37 (full 5):
 def new generation   total 53056K, used 47168K [0x03c00000, 0x07590000, 0x19150000)
  eden space 47168K, 100% used [0x03c00000, 0x06a10000, 0x06a10000)
  from space 5888K,   0% used [0x06a10000, 0x06a10000, 0x06fd0000)
  to   space 5888K,   0% used [0x06fd0000, 0x06fd0000, 0x07590000)
 tenured generation   total 117812K, used 117811K [0x19150000, 0x2045d000, 0x43c00000)
   the space 117812K,  99% used [0x19150000, 0x2045cfe8, 0x2045d000, 0x2045d000)
 Metaspace       used 3456K, capacity 3494K, committed 3520K, reserved 4480K
Event: 9.491 GC heap after
Heap after GC invocations=38 (full 6):
 def new generation   total 64320K, used 5824K [0x03c00000, 0x081c0000, 0x19150000)
  eden space 57216K,  10% used [0x03c00000, 0x041b02a0, 0x073e0000)
  from space 7104K,   0% used [0x073e0000, 0x073e0000, 0x07ad0000)
  to   space 7104K,   0% used [0x07ad0000, 0x07ad0000, 0x081c0000)
 tenured generation   total 142772K, used 142764K [0x19150000, 0x21cbd000, 0x43c00000)
   the space 142772K,  99% used [0x19150000, 0x21cbb3f8, 0x21cbb400, 0x21cbd000)
 Metaspace       used 3456K, capacity 3494K, committed 3520K, reserved 4480K
}
Event: 9.872 GC heap before
{Heap before GC invocations=38 (full 6):
 def new generation   total 64320K, used 57216K [0x03c00000, 0x081c0000, 0x19150000)
  eden space 57216K, 100% used [0x03c00000, 0x073e0000, 0x073e0000)
  from space 7104K,   0% used [0x073e0000, 0x073e0000, 0x07ad0000)
  to   space 7104K,   0% used [0x07ad0000, 0x07ad0000, 0x081c0000)
 tenured generation   total 142772K, used 142764K [0x19150000, 0x21cbd000, 0x43c00000)
   the space 142772K,  99% used [0x19150000, 0x21cbb3f8, 0x21cbb400, 0x21cbd000)
 Metaspace       used 3456K, capacity 3494K, committed 3520K, reserved 4480K

