# JRE version: Java(TM) SE Runtime Environment (8.0_91-b15) (build 1.8.0_91-b15)
# Java VM: Java HotSpot(TM) Client VM (25.91-b15 mixed mode windows-x86 )
Heap:
 def new generation   total 82688K, used 82355K [0x03c00000, 0x095b0000, 0x19150000)
  eden space 73536K, 100% used [0x03c00000, 0x083d0000, 0x083d0000)
  from space 9152K,  96% used [0x08cc0000, 0x0955cf98, 0x095b0000)
  to   space 9152K,  99% used [0x083d0000, 0x08cbfff8, 0x08cc0000)
 tenured generation   total 189188K, used 189188K [0x19150000, 0x24a11000, 0x43c00000)
   the space 189188K, 100% used [0x19150000, 0x24a11000, 0x24a11000, 0x24a11000)
 Metaspace       used 3454K, capacity 3494K, committed 3520K, reserved 4480K
GC Heap History (10 events):
Event: 10.450 GC heap after
Heap after GC invocations=35 (full 5):
 def new generation   total 59072K, used 6528K [0x03c00000, 0x07c10000, 0x19150000)
  eden space 52544K,   0% used [0x03c00000, 0x03c00000, 0x06f50000)
  from space 6528K, 100% used [0x075b0000, 0x07c10000, 0x07c10000)
  to   space 6528K,   0% used [0x06f50000, 0x06f50000, 0x075b0000)
 tenured generation   total 131116K, used 104735K [0x19150000, 0x2115b000, 0x43c00000)
   the space 131116K,  79% used [0x19150000, 0x1f797f58, 0x1f798000, 0x2115b000)
 Metaspace       used 3449K, capacity 3462K, committed 3520K, reserved 4480K
}
Event: 10.533 GC heap before
{Heap before GC invocations=35 (full 5):
 def new generation   total 59072K, used 59072K [0x03c00000, 0x07c10000, 0x19150000)
  eden space 52544K, 100% used [0x03c00000, 0x06f50000, 0x06f50000)
  from space 6528K, 100% used [0x075b0000, 0x07c10000, 0x07c10000)
  to   space 6528K,   0% used [0x06f50000, 0x06f50000, 0x075b0000)
 tenured generation   total 131116K, used 104735K [0x19150000, 0x2115b000, 0x43c00000)
   the space 131116K,  79% used [0x19150000, 0x1f797f58, 0x1f798000, 0x2115b000)
 Metaspace       used 3449K, capacity 3462K, committed 3520K, reserved 4480K
Event: 11.967 GC heap after
Heap after GC invocations=36 (full 6):
 def new generation   total 61056K, used 6483K [0x03c00000, 0x07e40000, 0x19150000)
  eden space 54272K,  11% used [0x03c00000, 0x04254e58, 0x07100000)
  from space 6784K,   0% used [0x07100000, 0x07100000, 0x077a0000)
  to   space 6784K,   0% used [0x077a0000, 0x077a0000, 0x07e40000)
 tenured generation   total 135596K, used 135594K [0x19150000, 0x215bb000, 0x43c00000)
   the space 135596K,  99% used [0x19150000, 0x215ba840, 0x215baa00, 0x215bb000)
 Metaspace       used 3449K, capacity 3462K, committed 3520K, reserved 4480K
}
Event: 12.290 GC heap before
{Heap before GC invocations=36 (full 6):
 def new generation   total 61056K, used 54272K [0x03c00000, 0x07e40000, 0x19150000)
  eden space 54272K, 100% used [0x03c00000, 0x07100000, 0x07100000)
  from space 6784K,   0% used [0x07100000, 0x07100000, 0x077a0000)
  to   space 6784K,   0% used [0x077a0000, 0x077a0000, 0x07e40000)
 tenured generation   total 135596K, used 135594K [0x19150000, 0x215bb000, 0x43c00000)
   the space 135596K,  99% used [0x19150000, 0x215ba840, 0x215baa00, 0x215bb000)
 Metaspace       used 3454K, capacity 3494K, committed 3520K, reserved 4480K
Event: 13.816 GC heap after
Heap after GC invocations=37 (full 7):
 def new generation   total 72512K, used 5986K [0x03c00000, 0x08aa0000, 0x19150000)
  eden space 64512K,   9% used [0x03c00000, 0x041d8aa0, 0x07b00000)
  from space 8000K,   0% used [0x07b00000, 0x07b00000, 0x082d0000)
  to   space 8000K,   0% used [0x082d0000, 0x082d0000, 0x08aa0000)
 tenured generation   total 160940K, used 160940K [0x19150000, 0x22e7b000, 0x43c00000)
   the space 160940K, 100% used [0x19150000, 0x22e7b000, 0x22e7b000, 0x22e7b000)
 Metaspace       used 3454K, capacity 3494K, committed 3520K, reserved 4480K
}
Event: 13.922 GC heap before
{Heap before GC invocations=37 (full 7):
 def new generation   total 72512K, used 64512K [0x03c00000, 0x08aa0000, 0x19150000)
  eden space 64512K, 100% used [0x03c00000, 0x07b00000, 0x07b00000)
  from space 8000K,   0% used [0x07b00000, 0x07b00000, 0x082d0000)
  to   space 8000K,   0% used [0x082d0000, 0x082d0000, 0x08aa0000)
 tenured generation   total 160940K, used 160940K [0x19150000, 0x22e7b000, 0x43c00000)
   the space 160940K, 100% used [0x19150000, 0x22e7b000, 0x22e7b000, 0x22e7b000)
 Metaspace       used 3454K, capacity 3494K, committed 3520K, reserved 4480K
Event: 16.165 GC heap after
Heap after GC invocations=38 (full 8):
 def new generation   total 82688K, used 0K [0x03c00000, 0x095b0000, 0x19150000)
  eden space 73536K,   0% used [0x03c00000, 0x03c00000, 0x083d0000)
  from space 9152K,   0% used [0x083d0000, 0x083d0000, 0x08cc0000)
  to   space 9152K,   0% used [0x08cc0000, 0x08cc0000, 0x095b0000)
 tenured generation   total 183596K, used 180178K [0x19150000, 0x2449b000, 0x43c00000)
   the space 183596K,  98% used [0x19150000, 0x24144878, 0x24144a00, 0x2449b000)
 Metaspace       used 3454K, capacity 3494K, committed 3520K, reserved 4480K
}
Event: 19.899 GC heap before
{Heap before GC invocations=38 (full 8):
 def new generation   total 82688K, used 73536K [0x03c00000, 0x095b0000, 0x19150000)
  eden space 73536K, 100% used [0x03c00000, 0x083d0000, 0x083d0000)
  from space 9152K,   0% used [0x083d0000, 0x083d0000, 0x08cc0000)
  to   space 9152K,   0% used [0x08cc0000, 0x08cc0000, 0x095b0000)
 tenured generation   total 183596K, used 180178K [0x19150000, 0x2449b000, 0x43c00000)
   the space 183596K,  98% used [0x19150000, 0x24144878, 0x24144a00, 0x2449b000)
 Metaspace       used 3454K, capacity 3494K, committed 3520K, reserved 4480K
Event: 22.178 GC heap after
Heap after GC invocations=39 (full 8):
 def new generation   total 82688K, used 8819K [0x03c00000, 0x095b0000, 0x19150000)
  eden space 73536K,   0% used [0x03c00000, 0x03c00000, 0x083d0000)
  from space 9152K,  96% used [0x08cc0000, 0x0955cf98, 0x095b0000)
  to   space 9152K,   0% used [0x083d0000, 0x083d0000, 0x08cc0000)
 tenured generation   total 183596K, used 180178K [0x19150000, 0x2449b000, 0x43c00000)
   the space 183596K,  98% used [0x19150000, 0x24144878, 0x24144a00, 0x2449b000)
 Metaspace       used 3454K, capacity 3494K, committed 3520K, reserved 4480K
}
Event: 29.356 GC heap before
{Heap before GC invocations=39 (full 8):
 def new generation   total 82688K, used 82355K [0x03c00000, 0x095b0000, 0x19150000)
  eden space 73536K, 100% used [0x03c00000, 0x083d0000, 0x083d0000)
  from space 9152K,  96% used [0x08cc0000, 0x0955cf98, 0x095b0000)
  to   space 9152K,   0% used [0x083d0000, 0x083d0000, 0x08cc0000)
 tenured generation   total 183596K, used 180178K [0x19150000, 0x2449b000, 0x43c00000)
   the space 183596K,  98% used [0x19150000, 0x24144878, 0x24144a00, 0x2449b000)
 Metaspace       used 3454K, capacity 3494K, committed 3520K, reserved 4480K

